TN:
SF:contracts/Ico.sol
FN:45,Ico.advancePhase
FNDA:12,Ico.advancePhase
DA:46,11
BRDA:46,0,0,1
BRDA:46,0,1,10
DA:47,10
DA:49,10
BRDA:49,1,0,-
BRDA:49,1,1,6
DA:50,6
BRDA:50,2,0,-
BRDA:50,2,1,6
DA:51,6
DA:52,4
BRDA:52,3,0,-
BRDA:52,3,1,3
DA:53,3
BRDA:53,4,0,-
BRDA:53,4,1,3
DA:54,3
DA:56,1
FN:60,Ico.contribute
FNDA:6,Ico.contribute
DA:61,6
BRDA:61,5,0,2
BRDA:61,5,1,4
DA:62,4
BRDA:62,6,0,2
BRDA:62,6,1,2
DA:63,2
DA:65,2
BRDA:65,7,0,1
BRDA:65,7,1,1
DA:66,1
DA:67,1
BRDA:67,8,0,1
BRDA:67,8,1,1
DA:68,1
FN:72,Ico.contributeSeed
FNDA:2,Ico.contributeSeed
DA:73,2
BRDA:73,9,0,-
BRDA:73,9,1,2
DA:74,2
BRDA:74,10,0,-
BRDA:74,10,1,2
DA:75,2
BRDA:75,11,0,-
BRDA:75,11,1,2
DA:77,2
DA:78,2
DA:80,2
DA:81,2
FN:85,Ico.contributeGeneral
FNDA:1,Ico.contributeGeneral
DA:86,1
BRDA:86,12,0,-
BRDA:86,12,1,1
DA:87,1
BRDA:87,13,0,-
BRDA:87,13,1,1
DA:89,1
DA:90,1
DA:91,1
DA:92,1
FN:95,Ico.contributeOpen
FNDA:1,Ico.contributeOpen
DA:97,1
BRDA:97,14,0,-
BRDA:97,14,1,1
DA:99,1
DA:100,1
DA:101,1
DA:102,1
FN:105,Ico.redeem
FNDA:3,Ico.redeem
DA:106,3
BRDA:106,15,0,1
BRDA:106,15,1,2
DA:107,2
BRDA:107,16,0,1
BRDA:107,16,1,1
DA:108,1
DA:109,1
DA:110,1
FN:113,Ico.addressAllowed
FNDA:5,Ico.addressAllowed
DA:114,7
DA:115,11
BRDA:115,17,0,4
BRDA:115,17,1,7
DA:116,4
DA:119,3
FN:122,Ico.toggleAcceptingContributions
FNDA:7,Ico.toggleAcceptingContributions
DA:123,6
FN:125,Ico.toggleAcceptingRedemptions
FNDA:4,Ico.toggleAcceptingRedemptions
DA:126,4
FNF:9
FNH:9
LF:45
LH:45
BRF:36
BRH:26
end_of_record
TN:
SF:contracts/SpaceCoin.sol
FN:30,SpaceCoin.transfer
FNDA:6,SpaceCoin.transfer
DA:32,6
BRDA:32,0,0,6
BRDA:32,0,1,-
DA:34,6
DA:35,6
DA:37,6
DA:38,6
DA:40,0
DA:44,6
FN:47,SpaceCoin.toggleTax
FNDA:0,SpaceCoin.toggleTax
DA:48,0
FNF:2
FNH:1
LF:8
LH:6
BRF:2
BRH:1
end_of_record
