TN:
SF:contracts/Ico.sol
FN:45,Ico.advancePhase
FNDA:0,Ico.advancePhase
DA:46,0
BRDA:46,0,0,-
BRDA:46,0,1,-
DA:47,0
DA:49,0
BRDA:49,1,0,-
BRDA:49,1,1,-
DA:50,0
BRDA:50,2,0,-
BRDA:50,2,1,-
DA:51,0
DA:52,0
BRDA:52,3,0,-
BRDA:52,3,1,-
DA:53,0
BRDA:53,4,0,-
BRDA:53,4,1,-
DA:54,0
DA:56,0
FN:60,Ico.contribute
FNDA:0,Ico.contribute
DA:61,0
BRDA:61,5,0,-
BRDA:61,5,1,-
DA:62,0
BRDA:62,6,0,-
BRDA:62,6,1,-
DA:63,0
DA:65,0
BRDA:65,7,0,-
BRDA:65,7,1,-
DA:66,0
DA:67,0
BRDA:67,8,0,-
BRDA:67,8,1,-
DA:68,0
FN:72,Ico.contributeSeed
FNDA:0,Ico.contributeSeed
DA:73,0
BRDA:73,9,0,-
BRDA:73,9,1,-
DA:75,0
BRDA:75,10,0,-
BRDA:75,10,1,-
DA:77,0
DA:78,0
DA:80,0
DA:81,0
FN:85,Ico.contributeGeneral
FNDA:0,Ico.contributeGeneral
DA:86,0
BRDA:86,11,0,-
BRDA:86,11,1,-
DA:87,0
BRDA:87,12,0,-
BRDA:87,12,1,-
DA:90,0
DA:91,0
DA:92,0
DA:93,0
FN:97,Ico.contributeOpen
FNDA:0,Ico.contributeOpen
DA:99,0
BRDA:99,13,0,-
BRDA:99,13,1,-
DA:101,0
DA:102,0
DA:103,0
DA:104,0
FN:108,Ico.redeem
FNDA:0,Ico.redeem
DA:109,0
BRDA:109,14,0,-
BRDA:109,14,1,-
DA:110,0
BRDA:110,15,0,-
BRDA:110,15,1,-
DA:111,0
DA:112,0
DA:113,0
FN:116,Ico.addressAllowed
FNDA:0,Ico.addressAllowed
DA:117,0
DA:118,0
BRDA:118,16,0,-
BRDA:118,16,1,-
DA:119,0
DA:122,0
FN:125,Ico.toggleAcceptingContributions
FNDA:0,Ico.toggleAcceptingContributions
DA:126,0
FN:128,Ico.toggleAcceptingRedemptions
FNDA:0,Ico.toggleAcceptingRedemptions
DA:129,0
FN:132,Ico.freeMind
FNDA:0,Ico.freeMind
DA:133,0
FNF:10
FNH:0
LF:45
LH:0
BRF:34
BRH:0
end_of_record
TN:
SF:contracts/SpaceCoin.sol
FN:30,SpaceCoin.transfer
FNDA:2,SpaceCoin.transfer
DA:32,2
DA:33,2
DA:35,2
DA:36,2
DA:56,2
FNF:1
FNH:1
LF:5
LH:5
BRF:0
BRH:0
end_of_record
